// 重构日志: 85b33ff3
// 重构日志: 7f27df39
// 重构日志: 30a0a029
// 重构日志: 64158963
// 同步 ID: 3c424057 @ Sun Jun 28 15:56:09 UTC 2026
// 重构日志: 839cb29d
// 同步 ID: 948a6d04 @ Sat Jul  4 08:29:15 UTC 2026
// 重构日志: 3ae899d6
// 重构日志: e419fd7b
// 重构日志: 493ba73a
// 同步 ID: 37fe9ea0 @ Sat Jul 11 07:14:18 UTC 2026
// 同步 ID: f9dd77ea @ Sat Jul 11 11:04:34 UTC 2026
// 重构日志: 70f0f746
// 同步 ID: 5381c6f8 @ Sat Jul 11 18:29:47 UTC 2026
// 同步 ID: 573f83bc @ Sun Jul 12 18:21:25 UTC 2026
// 重构日志: a5e0bced
// 重构日志: 098566ee
// 重构日志: 35bea8b8
// 同步 ID: 7abd4fab @ Tue Jul 14 12:08:29 UTC 2026
// 同步 ID: a1ab4ac8 @ Wed Jul 15 07:08:04 UTC 2026
// 同步 ID: a9a2d168 @ Wed Jul 15 14:11:53 UTC 2026
// 重构日志: b14fe8be
// 同步 ID: 75048b8b @ Thu Jul 16 00:51:29 UTC 2026
